# JRE version: Java(TM) SE Runtime Environment (11.0.3+12) (build 11.0.3+12-LTS)
# Java VM: Java HotSpot(TM) 64-Bit Server VM (11.0.3+12-LTS, mixed mode, tiered, compressed oops, g1 gc, windows-amd64)
Heap:
 garbage-first heap   total 315392K, used 134148K [0x0000000701400000, 0x0000000800000000)
  region size 1024K, 122 young (124928K), 12 survivors (12288K)
 Metaspace       used 68944K, capacity 70506K, committed 70816K, reserved 1110016K
  class space    used 8779K, capacity 9370K, committed 9460K, reserved 1048576K
GC Heap History (10 events):
Event: 0.982 GC heap before
{Heap before GC invocations=1 (full 0):
 garbage-first heap   total 262144K, used 86047K [0x0000000701400000, 0x0000000800000000)
  region size 1024K, 83 young (84992K), 3 survivors (3072K)
 Metaspace       used 20511K, capacity 20984K, committed 21248K, reserved 1069056K
  class space    used 2368K, capacity 2535K, committed 2560K, reserved 1048576K
}
Event: 0.988 GC heap after
{Heap after GC invocations=2 (full 0):
 garbage-first heap   total 262144K, used 8364K [0x0000000701400000, 0x0000000800000000)
  region size 1024K, 6 young (6144K), 6 survivors (6144K)
 Metaspace       used 20511K, capacity 20984K, committed 21248K, reserved 1069056K
  class space    used 2368K, capacity 2535K, committed 2560K, reserved 1048576K
}
Event: 1.413 GC heap before
{Heap before GC invocations=3 (full 0):
 garbage-first heap   total 262144K, used 90284K [0x0000000701400000, 0x0000000800000000)
  region size 1024K, 87 young (89088K), 6 survivors (6144K)
 Metaspace       used 29208K, capacity 29811K, committed 30080K, reserved 1075200K
  class space    used 3358K, capacity 3627K, committed 3712K, reserved 1048576K
}
Event: 1.417 GC heap after
{Heap after GC invocations=4 (full 0):
 garbage-first heap   total 262144K, used 11081K [0x0000000701400000, 0x0000000800000000)
  region size 1024K, 8 young (8192K), 8 survivors (8192K)
 Metaspace       used 29208K, capacity 29811K, committed 30080K, reserved 1075200K
  class space    used 3358K, capacity 3627K, committed 3712K, reserved 1048576K
}
Event: 1.990 GC heap before
{Heap before GC invocations=4 (full 0):
 garbage-first heap   total 262144K, used 79689K [0x0000000701400000, 0x0000000800000000)
  region size 1024K, 76 young (77824K), 8 survivors (8192K)
 Metaspace       used 34669K, capacity 35511K, committed 35628K, reserved 1081344K
  class space    used 4076K, capacity 4451K, committed 4480K, reserved 1048576K
}
Event: 2.001 GC heap after
{Heap after GC invocations=5 (full 0):
 garbage-first heap   total 262144K, used 14367K [0x0000000701400000, 0x0000000800000000)
  region size 1024K, 11 young (11264K), 11 survivors (11264K)
 Metaspace       used 34669K, capacity 35511K, committed 35628K, reserved 1081344K
  class space    used 4076K, capacity 4451K, committed 4480K, reserved 1048576K
}
Event: 3.122 GC heap before
{Heap before GC invocations=6 (full 0):
 garbage-first heap   total 262144K, used 158751K [0x0000000701400000, 0x0000000800000000)
  region size 1024K, 153 young (156672K), 11 survivors (11264K)
 Metaspace       used 44113K, capacity 45195K, committed 45484K, reserved 1089536K
  class space    used 5151K, capacity 5575K, committed 5632K, reserved 1048576K
}
Event: 3.130 GC heap after
{Heap after GC invocations=7 (full 0):
 garbage-first heap   total 262144K, used 19569K [0x0000000701400000, 0x0000000800000000)
  region size 1024K, 14 young (14336K), 14 survivors (14336K)
 Metaspace       used 44113K, capacity 45195K, committed 45484K, reserved 1089536K
  class space    used 5151K, capacity 5575K, committed 5632K, reserved 1048576K
}
Event: 4.083 GC heap before
{Heap before GC invocations=7 (full 0):
 garbage-first heap   total 262144K, used 86129K [0x0000000701400000, 0x0000000800000000)
  region size 1024K, 80 young (81920K), 14 survivors (14336K)
 Metaspace       used 58449K, capacity 59662K, committed 59808K, reserved 1101824K
  class space    used 7357K, capacity 7834K, committed 7924K, reserved 1048576K
}
Event: 4.100 GC heap after
{Heap after GC invocations=8 (full 0):
 garbage-first heap   total 315392K, used 22532K [0x0000000701400000, 0x0000000800000000)
  region size 1024K, 12 young (12288K), 12 survivors (12288K)
 Metaspace       used 58449K, capacity 59662K, committed 59808K, reserved 1101824K
  class space    used 7357K, capacity 7834K, committed 7924K, reserved 1048576K
}

